Using pre-set license
Built from '2020.3/release' branch; Version is '2020.3.2f1 (8fd9074bf66c) revision 9427207'; Using compiler version '192528614'; Build Type 'Release'
OS: 'Windows 10 Home; OS build 19042.1165; Version 2009; 64bit' Language: 'ru' Physical Memory: 16324 MB
BatchMode: 1, IsHumanControllingUs: 0, StartBugReporterOnCrash: 0, Is64bit: 1, IsPro: 0

 COMMAND LINE ARGUMENTS:
C:\Program Files\Unity\Hub\Editor\2020.3.2f1\Editor\Unity.exe
-adb2
-batchMode
-noUpm
-name
AssetImportWorker0
-projectPath
C:/Projects/Unity/AmayaSoftQuiz
-logFile
Logs/AssetImportWorker0.log
-srvPort
49301
Successfully changed project path to: C:/Projects/Unity/AmayaSoftQuiz
C:/Projects/Unity/AmayaSoftQuiz
Using Asset Import Pipeline V2.
Refreshing native plugins compatible for Editor in 20.15 ms, found 0 plugins.
Preloading 0 native plugins for Editor in 0.00 ms.
Initialize engine version: 2020.3.2f1 (8fd9074bf66c)
[Subsystems] Discovering subsystems at path C:/Program Files/Unity/Hub/Editor/2020.3.2f1/Editor/Data/Resources/UnitySubsystems
[Subsystems] Discovering subsystems at path C:/Projects/Unity/AmayaSoftQuiz/Assets
GfxDevice: creating device client; threaded=0
Direct3D:
    Version:  Direct3D 11.0 [level 11.1]
    Renderer: NVIDIA GeForce GTX 1660 Ti (ID=0x2182)
    Vendor:   
    VRAM:     5991 MB
    Driver:   27.21.14.6172
Initialize mono
Mono path[0] = 'C:/Program Files/Unity/Hub/Editor/2020.3.2f1/Editor/Data/Managed'
Mono path[1] = 'C:/Program Files/Unity/Hub/Editor/2020.3.2f1/Editor/Data/MonoBleedingEdge/lib/mono/unityjit'
Mono config path = 'C:/Program Files/Unity/Hub/Editor/2020.3.2f1/Editor/Data/MonoBleedingEdge/etc'
Using monoOptions --debugger-agent=transport=dt_socket,embedding=1,server=y,suspend=n,address=127.0.0.1:56964
Begin MonoManager ReloadAssembly
Registering precompiled unity dll's ...
Register platform support module: C:/Program Files/Unity/Hub/Editor/2020.3.2f1/Editor/Data/PlaybackEngines/WindowsStandaloneSupport/UnityEditor.WindowsStandalone.Extensions.dll
Registered in 0.103831 seconds.
Native extension for WindowsStandalone target not found
Refreshing native plugins compatible for Editor in 19.80 ms, found 0 plugins.
Preloading 0 native plugins for Editor in 0.00 ms.
Invoked RoslynAnalysisRunner static constructor.
RoslynAnalysisRunner will not be running.
RoslynAnalysisRunner has terminated.
Mono: successfully reloaded assembly
- Completed reload, in  3.167 seconds
Platform modules already initialized, skipping
Registering precompiled user dll's ...
Registered in 0.170529 seconds.
Begin MonoManager ReloadAssembly
Native extension for WindowsStandalone target not found
Refreshing native plugins compatible for Editor in 0.19 ms, found 0 plugins.
Preloading 0 native plugins for Editor in 0.00 ms.
Invoked RoslynAnalysisRunner static constructor.
RoslynAnalysisRunner will not be running.
RoslynAnalysisRunner has terminated.
Mono: successfully reloaded assembly
- Completed reload, in  1.689 seconds
Platform modules already initialized, skipping
========================================================================
Worker process is ready to serve import requests
Launched and connected shader compiler UnityShaderCompiler.exe after 0.07 seconds
Refreshing native plugins compatible for Editor in 0.19 ms, found 0 plugins.
Preloading 0 native plugins for Editor in 0.00 ms.
Unloading 1182 Unused Serialized files (Serialized files now loaded: 0)
System memory in use before: 61.1 MB.
System memory in use after: 61.2 MB.

Unloading 12 unused Assets to reduce memory usage. Loaded Objects now: 1629.
Total: 1.506500 ms (FindLiveObjects: 0.119400 ms CreateObjectMapping: 0.050500 ms MarkObjects: 1.273100 ms  DeleteObjects: 0.062900 ms)

========================================================================
Received Import Request.
  path: Assets/Textures/LC_letters_2.png
  artifactKey: Guid(f781eda492763844bacdd7fc8d774d4d) Importer(815301076,1909f56bfc062723c751e8b465ee728b)
Start importing Assets/Textures/LC_letters_2.png using Guid(f781eda492763844bacdd7fc8d774d4d) Importer(815301076,1909f56bfc062723c751e8b465ee728b)  -> (artifact id: '8ca9169b0e0dd641e59314a864bc7692') in 0.153875 seconds
  Import took 0.155662 seconds .

========================================================================
Received Import Request.
  Time since last request: 9.510815 seconds.
  path: Assets/Textures/LC_letters_3.png
  artifactKey: Guid(8913127f77908c04393c102433eccb34) Importer(815301076,1909f56bfc062723c751e8b465ee728b)
Start importing Assets/Textures/LC_letters_3.png using Guid(8913127f77908c04393c102433eccb34) Importer(815301076,1909f56bfc062723c751e8b465ee728b)  -> (artifact id: 'cb9221e1d2b10649c94bae8fb2cdd2a1') in 0.012840 seconds
  Import took 0.014742 seconds .

========================================================================
Received Import Request.
  Time since last request: 19.393094 seconds.
  path: Assets/Textures/LC_letters_3.png
  artifactKey: Guid(8913127f77908c04393c102433eccb34) Importer(815301076,1909f56bfc062723c751e8b465ee728b)
Start importing Assets/Textures/LC_letters_3.png using Guid(8913127f77908c04393c102433eccb34) Importer(815301076,1909f56bfc062723c751e8b465ee728b)  -> (artifact id: '23fd1e3084aed29f5a51fdbe1e9fc6d2') in 0.021403 seconds
  Import took 0.023139 seconds .

========================================================================
Received Import Request.
  Time since last request: 23.000932 seconds.
  path: Assets/Textures/SD_NC_Cookies_2.png
  artifactKey: Guid(1299df4b74ba9204cb6f48d5f43170f0) Importer(815301076,1909f56bfc062723c751e8b465ee728b)
Start importing Assets/Textures/SD_NC_Cookies_2.png using Guid(1299df4b74ba9204cb6f48d5f43170f0) Importer(815301076,1909f56bfc062723c751e8b465ee728b)  -> (artifact id: '2639c8fc482626438c474e47e0cc83f9') in 0.020303 seconds
  Import took 0.021994 seconds .

========================================================================
Received Import Request.
  Time since last request: 269.374366 seconds.
  path: Assets/Textures/SD_NC_Cookies_2.png
  artifactKey: Guid(1299df4b74ba9204cb6f48d5f43170f0) Importer(815301076,1909f56bfc062723c751e8b465ee728b)
Start importing Assets/Textures/SD_NC_Cookies_2.png using Guid(1299df4b74ba9204cb6f48d5f43170f0) Importer(815301076,1909f56bfc062723c751e8b465ee728b)  -> (artifact id: 'b762f5f31bd1284826c63c7c76d6576b') in 0.012428 seconds
  Import took 0.014458 seconds .

========================================================================
Received Prepare
Registering precompiled user dll's ...
Registered in 0.001205 seconds.
Begin MonoManager ReloadAssembly
Native extension for WindowsStandalone target not found
Refreshing native plugins compatible for Editor in 0.19 ms, found 0 plugins.
Preloading 0 native plugins for Editor in 0.00 ms.
Invoked RoslynAnalysisRunner static constructor.
RoslynAnalysisRunner will not be running.
RoslynAnalysisRunner has terminated.
Mono: successfully reloaded assembly
- Completed reload, in  0.655 seconds
Platform modules already initialized, skipping
Refreshing native plugins compatible for Editor in 0.20 ms, found 0 plugins.
Preloading 0 native plugins for Editor in 0.00 ms.
Unloading 1164 Unused Serialized files (Serialized files now loaded: 0)
System memory in use before: 62.9 MB.
System memory in use after: 63.0 MB.

Unloading 7 unused Assets to reduce memory usage. Loaded Objects now: 1662.
Total: 1.313800 ms (FindLiveObjects: 0.109000 ms CreateObjectMapping: 0.030700 ms MarkObjects: 1.134400 ms  DeleteObjects: 0.038900 ms)

========================================================================
Received Import Request.
  Time since last request: 143.694098 seconds.
  path: Assets/Textures/SD_NC_Cookies_2.png
  artifactKey: Guid(1299df4b74ba9204cb6f48d5f43170f0) Importer(815301076,1909f56bfc062723c751e8b465ee728b)
Start importing Assets/Textures/SD_NC_Cookies_2.png using Guid(1299df4b74ba9204cb6f48d5f43170f0) Importer(815301076,1909f56bfc062723c751e8b465ee728b)  -> (artifact id: 'b295e76df0667a7bf4aec2501b8a7112') in 0.031195 seconds
  Import took 0.032902 seconds .

========================================================================
Received Import Request.
  Time since last request: 20.030593 seconds.
  path: Assets/Textures/SD_NC_Cookies_2.png
  artifactKey: Guid(1299df4b74ba9204cb6f48d5f43170f0) Importer(815301076,1909f56bfc062723c751e8b465ee728b)
Start importing Assets/Textures/SD_NC_Cookies_2.png using Guid(1299df4b74ba9204cb6f48d5f43170f0) Importer(815301076,1909f56bfc062723c751e8b465ee728b)  -> (artifact id: '53ec6a82557f04b614c8034ad2a568c3') in 0.028671 seconds
  Import took 0.030407 seconds .

========================================================================
Received Prepare
Registering precompiled user dll's ...
Registered in 0.001192 seconds.
Begin MonoManager ReloadAssembly
Native extension for WindowsStandalone target not found
Refreshing native plugins compatible for Editor in 0.19 ms, found 0 plugins.
Preloading 0 native plugins for Editor in 0.00 ms.
Invoked RoslynAnalysisRunner static constructor.
RoslynAnalysisRunner will not be running.
RoslynAnalysisRunner has terminated.
Mono: successfully reloaded assembly
- Completed reload, in  0.653 seconds
Platform modules already initialized, skipping
Refreshing native plugins compatible for Editor in 0.20 ms, found 0 plugins.
Preloading 0 native plugins for Editor in 0.00 ms.
Unloading 1164 Unused Serialized files (Serialized files now loaded: 0)
System memory in use before: 62.9 MB.
System memory in use after: 63.0 MB.

Unloading 7 unused Assets to reduce memory usage. Loaded Objects now: 1666.
Total: 1.579000 ms (FindLiveObjects: 0.121600 ms CreateObjectMapping: 0.029300 ms MarkObjects: 1.394000 ms  DeleteObjects: 0.033400 ms)

========================================================================
Received Import Request.
  Time since last request: 37.842518 seconds.
  path: Assets/Data/CardBundleNumbers.asset
  artifactKey: Guid(ab12e7356daa8f246b0215a8ff0a14ee) Importer(815301076,1909f56bfc062723c751e8b465ee728b)
Start importing Assets/Data/CardBundleNumbers.asset using Guid(ab12e7356daa8f246b0215a8ff0a14ee) Importer(815301076,1909f56bfc062723c751e8b465ee728b)  -> (artifact id: 'b5f30ea3c25ae1f8a09def4cede886d2') in 0.016592 seconds
  Import took 0.018249 seconds .

